<?xml version="1.0" encoding="UTF-8"?>
<!-- Generated by org.testng.reporters.JUnitXMLReporter -->
<testsuite ignored="0" hostname="DESKTOP-I0JSKAF" failures="1" tests="2" name="eMPLOYEESrESTapiTest" time="2.227" errors="0" timestamp="2020-05-17T02:44:00 EDT">
  <testcase classname="testScripts.TC001_GET_ALL_Employees" name="checkGetTime" time="0.007"/>
  <testcase classname="testScripts.TC001_GET_ALL_Employees" name="checkGetTime" time="0.021">
    <failure type="java.lang.NullPointerException">
      <![CDATA[java.lang.NullPointerException
at utilities.Listeners.onTestSuccess(Listeners.java:39)
at java.base/java.util.ArrayList.forEach(ArrayList.java:1510)
at com.intellij.rt.testng.IDEARemoteTestNG.run(IDEARemoteTestNG.java:66)
at com.intellij.rt.testng.RemoteTestNGStarter.main(RemoteTestNGStarter.java:110)
... Removed 21 stack frames]]>
    </failure>
  </testcase> <!-- checkGetTime -->
</testsuite> <!-- eMPLOYEESrESTapiTest -->
